<?xml version="1.0" encoding="UTF-8"?>
<!-- Generated by org.testng.reporters.JUnitReportReporter -->
<testsuite hostname="VPL-RDS01" failures="0" tests="1" name="com.Automation.Annotations.CheckTC" time="315.995" errors="0" timestamp="2023-11-29T08:16:35 PST" skipped="0">
  <testcase classname="com.Automation.Annotations.CheckTC" name="executeTest" time="315.995"/>
  <system-out/>
</testsuite> <!-- com.Automation.Annotations.CheckTC -->
